<?xml version="1.0" encoding="UTF-8"?>
<testng-results ignored="0" total="1" passed="1" failed="0" skipped="0">
  <reporter-output>
  </reporter-output>
  <suite started-at="2026-01-14T00:02:03 IST" name="Default suite" finished-at="2026-01-14T00:02:07 IST" duration-ms="3384">
    <groups>
    </groups>
    <test started-at="2026-01-14T00:02:03 IST" name="Default test" finished-at="2026-01-14T00:02:07 IST" duration-ms="3384">
      <class name="com.api.tests.CreateJobAPITest">
        <test-method signature="createJobAPITest()[pri:0, instance:com.api.tests.CreateJobAPITest@6743e411]" started-at="2026-01-14T00:02:04 IST" name="createJobAPITest" finished-at="2026-01-14T00:02:07 IST" duration-ms="3339" status="PASS">
          <reporter-output>
          </reporter-output>
        </test-method> <!-- createJobAPITest -->
      </class> <!-- com.api.tests.CreateJobAPITest -->
    </test> <!-- Default test -->
  </suite> <!-- Default suite -->
</testng-results>
