<?xml version="1.0" encoding="UTF-8"?>
<testng-results ignored="0" total="1" passed="1" failed="0" skipped="0">
  <reporter-output>
  </reporter-output>
  <suite started-at="2025-12-21T00:55:58 IST" name="Default suite" finished-at="2025-12-21T00:56:01 IST" duration-ms="3225">
    <groups>
    </groups>
    <test started-at="2025-12-21T00:55:58 IST" name="Default test" finished-at="2025-12-21T00:56:01 IST" duration-ms="3225">
      <class name="com.api.tests.MasterAPITest">
        <test-method signature="masterAPITest()[pri:0, instance:com.api.tests.MasterAPITest@6743e411]" started-at="2025-12-21T00:55:58 IST" name="masterAPITest" finished-at="2025-12-21T00:56:01 IST" duration-ms="3173" status="PASS">
          <reporter-output>
          </reporter-output>
        </test-method> <!-- masterAPITest -->
      </class> <!-- com.api.tests.MasterAPITest -->
    </test> <!-- Default test -->
  </suite> <!-- Default suite -->
</testng-results>
