<?xml version="1.0" encoding="UTF-8"?>
<!-- Generated by org.testng.reporters.JUnitReportReporter -->
<testsuite hostname="Praveen" failures="0" tests="4" name="com.api.tests.datadriven.CreateJobAPIDataDrivenTest" time="13.877" errors="0" timestamp="2026-01-24T17:19:44 IST" skipped="0">
  <testcase classname="com.api.tests.datadriven.CreateJobAPIDataDrivenTest" name="createJobAPITest" time="3.467"/>
  <testcase classname="com.api.tests.datadriven.CreateJobAPIDataDrivenTest" name="createJobAPITest" time="3.470"/>
  <testcase classname="com.api.tests.datadriven.CreateJobAPIDataDrivenTest" name="createJobAPITest" time="3.470"/>
  <testcase classname="com.api.tests.datadriven.CreateJobAPIDataDrivenTest" name="createJobAPITest" time="3.470"/>
</testsuite> <!-- com.api.tests.datadriven.CreateJobAPIDataDrivenTest -->
