<?xml version="1.0" encoding="UTF-8"?>
<!-- Generated by org.testng.reporters.JUnitReportReporter -->
<testsuite hostname="Praveen" failures="0" tests="3" name="com.api.tests.datadriven.LoginAPIExcelDataDrivenTest" time="12.435" errors="0" timestamp="2026-02-03T18:21:14 IST" skipped="0">
  <testcase classname="com.api.tests.datadriven.LoginAPIExcelDataDrivenTest" name="loginAPITest" time="4.145"/>
  <testcase classname="com.api.tests.datadriven.LoginAPIExcelDataDrivenTest" name="loginAPITest" time="4.145"/>
  <testcase classname="com.api.tests.datadriven.LoginAPIExcelDataDrivenTest" name="loginAPITest" time="4.145"/>
</testsuite> <!-- com.api.tests.datadriven.LoginAPIExcelDataDrivenTest -->
